<?xml version="1.0" encoding="UTF-8"?>
<!-- Generated by org.testng.reporters.JUnitReportReporter -->
<testsuite hostname="Hydrogen" failures="0" tests="1" name="test.verifyDynamicLoad" time="9.796" errors="0" timestamp="2020-11-26T01:59:42 GMT+03:00" skipped="0">
  <testcase classname="test.verifyDynamicLoad" name="renderedElement" time="9.796"/>
  <system-out/>
</testsuite> <!-- test.verifyDynamicLoad -->
