<?xml version="1.0" encoding="UTF-8"?>
<!-- Generated by org.testng.reporters.JUnitReportReporter -->
<testsuite hostname="Hydrogen" failures="0" tests="2" name="test.verifyFileUpload" time="14.278" errors="0" timestamp="2020-11-26T21:53:16 GMT+03:00" skipped="0">
  <testcase classname="test.verifyFileUpload" name="uploadImage" time="7.008"/>
  <system-out/>
  <testcase classname="test.verifyFileUpload" name="renderedElement" time="7.270"/>
  <system-out/>
</testsuite> <!-- test.verifyFileUpload -->
